This is pdfTeX, Version 3.14159265-2.6-1.40.16 (TeX Live 2015/Arch Linux) (preloaded format=pdflatex 2016.2.29)  11 MAY 2016 13:04
entering extended mode
 restricted \write18 enabled.
 %&-line parsing enabled.
**paper.tex
(./paper.tex
LaTeX2e <2015/10/01> patch level 2
Babel <3.9m> and hyphenation patterns for 79 languages loaded.
(/usr/share/texmf-dist/tex/latex/base/article.cls
Document Class: article 2014/09/29 v1.4h Standard LaTeX document class
(/usr/share/texmf-dist/tex/latex/base/size10.clo
File: size10.clo 2014/09/29 v1.4h Standard LaTeX file (size option)
)
\c@part=\count79
\c@section=\count80
\c@subsection=\count81
\c@subsubsection=\count82
\c@paragraph=\count83
\c@subparagraph=\count84
\c@figure=\count85
\c@table=\count86
\abovecaptionskip=\skip41
\belowcaptionskip=\skip42
\bibindent=\dimen102
)
(/usr/share/texmf-dist/tex/latex/graphics/graphicx.sty
Package: graphicx 2014/10/28 v1.0g Enhanced LaTeX Graphics (DPC,SPQR)

(/usr/share/texmf-dist/tex/latex/graphics/keyval.sty
Package: keyval 2014/10/28 v1.15 key=value parser (DPC)
\KV@toks@=\toks14
)
(/usr/share/texmf-dist/tex/latex/graphics/graphics.sty
Package: graphics 2014/10/28 v1.0p Standard LaTeX Graphics (DPC,SPQR)

(/usr/share/texmf-dist/tex/latex/graphics/trig.sty
Package: trig 1999/03/16 v1.09 sin cos tan (DPC)
)
(/usr/share/texmf-dist/tex/latex/latexconfig/graphics.cfg
File: graphics.cfg 2010/04/23 v1.9 graphics configuration of TeX Live
)
Package graphics Info: Driver file: pdftex.def on input line 94.

(/usr/share/texmf-dist/tex/latex/pdftex-def/pdftex.def
File: pdftex.def 2011/05/27 v0.06d Graphics/color for pdfTeX

(/usr/share/texmf-dist/tex/generic/oberdiek/infwarerr.sty
Package: infwarerr 2010/04/08 v1.3 Providing info/warning/error messages (HO)
)
(/usr/share/texmf-dist/tex/generic/oberdiek/ltxcmds.sty
Package: ltxcmds 2011/11/09 v1.22 LaTeX kernel commands for general use (HO)
)
\Gread@gobject=\count87
))
\Gin@req@height=\dimen103
\Gin@req@width=\dimen104
)
(/usr/share/texmf-dist/tex/latex/fancyhdr/fancyhdr.sty
\fancy@headwidth=\skip43
\f@ncyO@elh=\skip44
\f@ncyO@erh=\skip45
\f@ncyO@olh=\skip46
\f@ncyO@orh=\skip47
\f@ncyO@elf=\skip48
\f@ncyO@erf=\skip49
\f@ncyO@olf=\skip50
\f@ncyO@orf=\skip51
)
(/usr/share/texmf-dist/tex/latex/amsfonts/amssymb.sty
Package: amssymb 2013/01/14 v3.01 AMS font symbols

(/usr/share/texmf-dist/tex/latex/amsfonts/amsfonts.sty
Package: amsfonts 2013/01/14 v3.01 Basic AMSFonts support
\@emptytoks=\toks15
\symAMSa=\mathgroup4
\symAMSb=\mathgroup5
LaTeX Font Info:    Overwriting math alphabet `\mathfrak' in version `bold'
(Font)                  U/euf/m/n --> U/euf/b/n on input line 106.
))
(/usr/share/texmf-dist/tex/latex/amsmath/amsmath.sty
Package: amsmath 2013/01/14 v2.14 AMS math features
\@mathmargin=\skip52

For additional information on amsmath, use the `?' option.
(/usr/share/texmf-dist/tex/latex/amsmath/amstext.sty
Package: amstext 2000/06/29 v2.01

(/usr/share/texmf-dist/tex/latex/amsmath/amsgen.sty
File: amsgen.sty 1999/11/30 v2.0
\@emptytoks=\toks16
\ex@=\dimen105
))
(/usr/share/texmf-dist/tex/latex/amsmath/amsbsy.sty
Package: amsbsy 1999/11/29 v1.2d
\pmbraise@=\dimen106
)
(/usr/share/texmf-dist/tex/latex/amsmath/amsopn.sty
Package: amsopn 1999/12/14 v2.01 operator names
)
\inf@bad=\count88
LaTeX Info: Redefining \frac on input line 210.
\uproot@=\count89
\leftroot@=\count90
LaTeX Info: Redefining \overline on input line 306.
\classnum@=\count91
\DOTSCASE@=\count92
LaTeX Info: Redefining \ldots on input line 378.
LaTeX Info: Redefining \dots on input line 381.
LaTeX Info: Redefining \cdots on input line 466.
\Mathstrutbox@=\box26
\strutbox@=\box27
\big@size=\dimen107
LaTeX Font Info:    Redeclaring font encoding OML on input line 566.
LaTeX Font Info:    Redeclaring font encoding OMS on input line 567.
\macc@depth=\count93
\c@MaxMatrixCols=\count94
\dotsspace@=\muskip10
\c@parentequation=\count95
\dspbrk@lvl=\count96
\tag@help=\toks17
\row@=\count97
\column@=\count98
\maxfields@=\count99
\andhelp@=\toks18
\eqnshift@=\dimen108
\alignsep@=\dimen109
\tagshift@=\dimen110
\tagwidth@=\dimen111
\totwidth@=\dimen112
\lineht@=\dimen113
\@envbody=\toks19
\multlinegap=\skip53
\multlinetaggap=\skip54
\mathdisplay@stack=\toks20
LaTeX Info: Redefining \[ on input line 2665.
LaTeX Info: Redefining \] on input line 2666.
)
(/usr/share/texmf-dist/tex/latex/graphics/color.sty
Package: color 2014/10/28 v1.1a Standard LaTeX Color (DPC)

(/usr/share/texmf-dist/tex/latex/latexconfig/color.cfg
File: color.cfg 2007/01/18 v1.5 color configuration of teTeX/TeXLive
)
Package color Info: Driver file: pdftex.def on input line 142.

(/usr/share/texmf-dist/tex/latex/graphics/dvipsnam.def
File: dvipsnam.def 2014/10/14 v3.0j Driver-dependent file (DPC,SPQR)
))
(/usr/share/texmf-dist/tex/latex/hyperref/hyperref.sty
Package: hyperref 2012/11/06 v6.83m Hypertext links for LaTeX

(/usr/share/texmf-dist/tex/generic/oberdiek/hobsub-hyperref.sty
Package: hobsub-hyperref 2012/05/28 v1.13 Bundle oberdiek, subset hyperref (HO)


(/usr/share/texmf-dist/tex/generic/oberdiek/hobsub-generic.sty
Package: hobsub-generic 2012/05/28 v1.13 Bundle oberdiek, subset generic (HO)
Package: hobsub 2012/05/28 v1.13 Construct package bundles (HO)
Package hobsub Info: Skipping package `infwarerr' (already loaded).
Package hobsub Info: Skipping package `ltxcmds' (already loaded).
Package: ifluatex 2010/03/01 v1.3 Provides the ifluatex switch (HO)
Package ifluatex Info: LuaTeX not detected.
Package: ifvtex 2010/03/01 v1.5 Detect VTeX and its facilities (HO)
Package ifvtex Info: VTeX not detected.
Package: intcalc 2007/09/27 v1.1 Expandable calculations with integers (HO)
Package: ifpdf 2011/01/30 v2.3 Provides the ifpdf switch (HO)
Package ifpdf Info: pdfTeX in PDF mode is detected.
Package: etexcmds 2011/02/16 v1.5 Avoid name clashes with e-TeX commands (HO)
Package etexcmds Info: Could not find \expanded.
(etexcmds)             That can mean that you are not using pdfTeX 1.50 or
(etexcmds)             that some package has redefined \expanded.
(etexcmds)             In the latter case, load this package earlier.
Package: kvsetkeys 2012/04/25 v1.16 Key value parser (HO)
Package: kvdefinekeys 2011/04/07 v1.3 Define keys (HO)
Package: pdftexcmds 2011/11/29 v0.20 Utility functions of pdfTeX for LuaTeX (HO
)
Package pdftexcmds Info: LuaTeX not detected.
Package pdftexcmds Info: \pdf@primitive is available.
Package pdftexcmds Info: \pdf@ifprimitive is available.
Package pdftexcmds Info: \pdfdraftmode found.
Package: pdfescape 2011/11/25 v1.13 Implements pdfTeX's escape features (HO)
Package: bigintcalc 2012/04/08 v1.3 Expandable calculations on big integers (HO
)
Package: bitset 2011/01/30 v1.1 Handle bit-vector datatype (HO)
Package: uniquecounter 2011/01/30 v1.2 Provide unlimited unique counter (HO)
)
Package hobsub Info: Skipping package `hobsub' (already loaded).
Package: letltxmacro 2010/09/02 v1.4 Let assignment for LaTeX macros (HO)
Package: hopatch 2012/05/28 v1.2 Wrapper for package hooks (HO)
Package: xcolor-patch 2011/01/30 xcolor patch
Package: atveryend 2011/06/30 v1.8 Hooks at the very end of document (HO)
Package atveryend Info: \enddocument detected (standard20110627).
Package: atbegshi 2011/10/05 v1.16 At begin shipout hook (HO)
Package: refcount 2011/10/16 v3.4 Data extraction from label references (HO)
Package: hycolor 2011/01/30 v1.7 Color options for hyperref/bookmark (HO)
)
(/usr/share/texmf-dist/tex/generic/ifxetex/ifxetex.sty
Package: ifxetex 2010/09/12 v0.6 Provides ifxetex conditional
)
(/usr/share/texmf-dist/tex/latex/oberdiek/auxhook.sty
Package: auxhook 2011/03/04 v1.3 Hooks for auxiliary files (HO)
)
(/usr/share/texmf-dist/tex/latex/oberdiek/kvoptions.sty
Package: kvoptions 2011/06/30 v3.11 Key value format for package options (HO)
)
\@linkdim=\dimen114
\Hy@linkcounter=\count100
\Hy@pagecounter=\count101

(/usr/share/texmf-dist/tex/latex/hyperref/pd1enc.def
File: pd1enc.def 2012/11/06 v6.83m Hyperref: PDFDocEncoding definition (HO)
)
\Hy@SavedSpaceFactor=\count102

(/usr/share/texmf-dist/tex/latex/latexconfig/hyperref.cfg
File: hyperref.cfg 2002/06/06 v1.2 hyperref configuration of TeXLive
)
Package hyperref Info: Option `colorlinks' set `true' on input line 4319.
Package hyperref Info: Hyper figures OFF on input line 4443.
Package hyperref Info: Link nesting OFF on input line 4448.
Package hyperref Info: Hyper index ON on input line 4451.
Package hyperref Info: Plain pages OFF on input line 4458.
Package hyperref Info: Backreferencing OFF on input line 4463.
Package hyperref Info: Implicit mode ON; LaTeX internals redefined.
Package hyperref Info: Bookmarks ON on input line 4688.
\c@Hy@tempcnt=\count103

(/usr/share/texmf-dist/tex/latex/url/url.sty
\Urlmuskip=\muskip11
Package: url 2013/09/16  ver 3.4  Verb mode for urls, etc.
)
LaTeX Info: Redefining \url on input line 5041.
\XeTeXLinkMargin=\dimen115
\Fld@menulength=\count104
\Field@Width=\dimen116
\Fld@charsize=\dimen117
Package hyperref Info: Hyper figures OFF on input line 6295.
Package hyperref Info: Link nesting OFF on input line 6300.
Package hyperref Info: Hyper index ON on input line 6303.
Package hyperref Info: backreferencing OFF on input line 6310.
Package hyperref Info: Link coloring ON on input line 6313.
Package hyperref Info: Link coloring with OCG OFF on input line 6320.
Package hyperref Info: PDF/A mode OFF on input line 6325.
LaTeX Info: Redefining \ref on input line 6365.
LaTeX Info: Redefining \pageref on input line 6369.
\Hy@abspage=\count105
\c@Item=\count106
\c@Hfootnote=\count107
)

Package hyperref Message: Driver (autodetected): hpdftex.

(/usr/share/texmf-dist/tex/latex/hyperref/hpdftex.def
File: hpdftex.def 2012/11/06 v6.83m Hyperref driver for pdfTeX
\Fld@listcount=\count108
\c@bookmark@seq@number=\count109

(/usr/share/texmf-dist/tex/latex/oberdiek/rerunfilecheck.sty
Package: rerunfilecheck 2011/04/15 v1.7 Rerun checks for auxiliary files (HO)
Package uniquecounter Info: New unique counter `rerunfilecheck' on input line 2
82.
)
\Hy@SectionHShift=\skip55
) (./doi.sty
Package: doi 2007/07/24 handle doi numbers
)
(/usr/share/texmf-dist/tex/latex/setspace/setspace.sty
Package: setspace 2011/12/19 v6.7a set line spacing
)
(/usr/share/texmf-dist/tex/latex/geometry/geometry.sty
Package: geometry 2010/09/12 v5.6 Page Geometry
\Gm@cnth=\count110
\Gm@cntv=\count111
\c@Gm@tempcnt=\count112
\Gm@bindingoffset=\dimen118
\Gm@wd@mp=\dimen119
\Gm@odd@mp=\dimen120
\Gm@even@mp=\dimen121
\Gm@layoutwidth=\dimen122
\Gm@layoutheight=\dimen123
\Gm@layouthoffset=\dimen124
\Gm@layoutvoffset=\dimen125
\Gm@dimlist=\toks21
)
(/usr/share/texmf-dist/tex/latex/titlesec/titlesec.sty
Package: titlesec 2011/12/15 v2.10.0 Sectioning titles
\ttl@box=\box28
\beforetitleunit=\skip56
\aftertitleunit=\skip57
\ttl@plus=\dimen126
\ttl@minus=\dimen127
\ttl@toksa=\toks22
\titlewidth=\dimen128
\titlewidthlast=\dimen129
\titlewidthfirst=\dimen130
)
(/usr/share/texmf-dist/tex/latex/abstract/abstract.sty
Package: abstract 2009/06/08 v1.2a configurable abstracts
\abstitleskip=\skip58
\absleftindent=\skip59
\absrightindent=\skip60
\absparindent=\skip61
\absparsep=\skip62
)
(/usr/share/texmf-dist/tex/latex/caption/subcaption.sty
Package: subcaption 2015/09/15 v1.1-100 Sub-captions (AR)

(/usr/share/texmf-dist/tex/latex/caption/caption.sty
Package: caption 2015/09/17 v3.3-111 Customizing captions (AR)

(/usr/share/texmf-dist/tex/latex/caption/caption3.sty
Package: caption3 2015/09/20 v1.7-115 caption3 kernel (AR)
Package caption3 Info: TeX engine: e-TeX on input line 57.
\captionmargin=\dimen131
\captionmargin@=\dimen132
\captionwidth=\dimen133
\caption@tempdima=\dimen134
\caption@indent=\dimen135
\caption@parindent=\dimen136
\caption@hangindent=\dimen137
)
\c@ContinuedFloat=\count113
Package caption Info: hyperref package is loaded.
)
\c@subfigure=\count114
\c@subtable=\count115
)
(/usr/share/texmf-dist/tex/latex/natbib/natbib.sty
Package: natbib 2010/09/13 8.31b (PWD, AO)
\bibhang=\skip63
\bibsep=\skip64
LaTeX Info: Redefining \cite on input line 694.
\c@NAT@ctr=\count116
) (./aas_macros.sty)
(/usr/share/texmf-dist/tex/latex/tools/array.sty
Package: array 2014/10/28 v2.4c Tabular extension package (FMi)
\col@sep=\dimen138
\extrarowheight=\dimen139
\NC@list=\toks23
\extratabsurround=\skip65
\backup@length=\skip66
) (./paper.aux

LaTeX Warning: Label `fig:RhoBinned' multiply defined.

)
\openout1 = `paper.aux'.

LaTeX Font Info:    Checking defaults for OML/cmm/m/it on input line 28.
LaTeX Font Info:    ... okay on input line 28.
LaTeX Font Info:    Checking defaults for T1/cmr/m/n on input line 28.
LaTeX Font Info:    ... okay on input line 28.
LaTeX Font Info:    Checking defaults for OT1/cmr/m/n on input line 28.
LaTeX Font Info:    ... okay on input line 28.
LaTeX Font Info:    Checking defaults for OMS/cmsy/m/n on input line 28.
LaTeX Font Info:    ... okay on input line 28.
LaTeX Font Info:    Checking defaults for OMX/cmex/m/n on input line 28.
LaTeX Font Info:    ... okay on input line 28.
LaTeX Font Info:    Checking defaults for U/cmr/m/n on input line 28.
LaTeX Font Info:    ... okay on input line 28.
LaTeX Font Info:    Checking defaults for PD1/pdf/m/n on input line 28.
LaTeX Font Info:    ... okay on input line 28.
 (/usr/share/texmf-dist/tex/context/base/supp-pdf.mkii
[Loading MPS to PDF converter (version 2006.09.02).]
\scratchcounter=\count117
\scratchdimen=\dimen140
\scratchbox=\box29
\nofMPsegments=\count118
\nofMParguments=\count119
\everyMPshowfont=\toks24
\MPscratchCnt=\count120
\MPscratchDim=\dimen141
\MPnumerator=\count121
\makeMPintoPDFobject=\count122
\everyMPtoPDFconversion=\toks25
) (/usr/share/texmf-dist/tex/latex/oberdiek/epstopdf-base.sty
Package: epstopdf-base 2010/02/09 v2.5 Base part for package epstopdf

(/usr/share/texmf-dist/tex/latex/oberdiek/grfext.sty
Package: grfext 2010/08/19 v1.1 Manage graphics extensions (HO)
)
Package grfext Info: Graphics extension search list:
(grfext)             [.png,.pdf,.jpg,.mps,.jpeg,.jbig2,.jb2,.PNG,.PDF,.JPG,.JPE
G,.JBIG2,.JB2,.eps]
(grfext)             \AppendGraphicsExtensions on input line 452.

(/usr/share/texmf-dist/tex/latex/latexconfig/epstopdf-sys.cfg
File: epstopdf-sys.cfg 2010/07/13 v1.3 Configuration of (r)epstopdf for TeX Liv
e
))
\AtBeginShipoutBox=\box30
Package hyperref Info: Link coloring ON on input line 28.

(/usr/share/texmf-dist/tex/latex/hyperref/nameref.sty
Package: nameref 2012/10/27 v2.43 Cross-referencing by name of section

(/usr/share/texmf-dist/tex/generic/oberdiek/gettitlestring.sty
Package: gettitlestring 2010/12/03 v1.4 Cleanup title references (HO)
)
\c@section@level=\count123
)
LaTeX Info: Redefining \ref on input line 28.
LaTeX Info: Redefining \pageref on input line 28.
LaTeX Info: Redefining \nameref on input line 28.
 (./paper.out)
(./paper.out)
\@outlinefile=\write3
\openout3 = `paper.out'.


*geometry* driver: auto-detecting
*geometry* detected driver: pdftex
*geometry* verbose mode - [ preamble ] result:
* driver: pdftex
* paper: custom
* layout: <same size as paper>
* layoutoffset:(h,v)=(0.0pt,0.0pt)
* modes: 
* h-part:(L,W,R)=(72.26999pt, 469.75502pt, 72.26999pt)
* v-part:(T,H,B)=(72.26999pt, 650.43001pt, 72.26999pt)
* \paperwidth=614.295pt
* \paperheight=794.96999pt
* \textwidth=469.75502pt
* \textheight=650.43001pt
* \oddsidemargin=0.0pt
* \evensidemargin=0.0pt
* \topmargin=-37.0pt
* \headheight=12.0pt
* \headsep=25.0pt
* \topskip=10.0pt
* \footskip=30.0pt
* \marginparwidth=4.0pt
* \marginparsep=10.0pt
* \columnsep=10.0pt
* \skip\footins=9.0pt plus 4.0pt minus 2.0pt
* \hoffset=0.0pt
* \voffset=0.0pt
* \mag=1000
* \@twocolumntrue
* \@twosidefalse
* \@mparswitchfalse
* \@reversemarginfalse
* (1in=72.27pt=25.4mm, 1cm=28.453pt)

Package caption Info: Begin \AtBeginDocument code.
Package caption Info: End \AtBeginDocument code.
LaTeX Font Info:    Try loading font information for U+msa on input line 57.
(/usr/share/texmf-dist/tex/latex/amsfonts/umsa.fd
File: umsa.fd 2013/01/14 v3.01 AMS symbols A
)
LaTeX Font Info:    Try loading font information for U+msb on input line 57.

(/usr/share/texmf-dist/tex/latex/amsfonts/umsb.fd
File: umsb.fd 2013/01/14 v3.01 AMS symbols B
)
LaTeX Font Info:    Try loading font information for OMS+cmr on input line 57.

(/usr/share/texmf-dist/tex/latex/base/omscmr.fd
File: omscmr.fd 2014/09/29 v2.5h Standard LaTeX font definitions
)
LaTeX Font Info:    Font shape `OMS/cmr/m/n' in size <8> not available
(Font)              Font shape `OMS/cmsy/m/n' tried instead on input line 57.
LaTeX Font Info:    Font shape `OMS/cmr/m/n' in size <6> not available
(Font)              Font shape `OMS/cmsy/m/n' tried instead on input line 57.

Underfull \hbox (badness 10000) in paragraph at lines 57--57

 []


Package natbib Warning: Citation `Carpenter1966' on page 1 undefined on input l
ine 65.

Missing character: There is no Ã in font cmr10!
Missing character: There is no © in font cmr10!

Underfull \vbox (badness 10000) has occurred while \output is active []

 [1{/var/lib/texmf/fonts/map/pdftex/updmap/pdftex.map}


]
Underfull \vbox (badness 10000) has occurred while \output is active []


Underfull \vbox (badness 10000) has occurred while \output is active []

 [2]
Underfull \vbox (badness 10000) has occurred while \output is active []



Package hyperref Warning: Token not allowed in a PDF string (PDFDocEncoding):
(hyperref)                removing `math shift' on input line 109.


Package hyperref Warning: Token not allowed in a PDF string (PDFDocEncoding):
(hyperref)                removing `subscript' on input line 109.


Package hyperref Warning: Token not allowed in a PDF string (PDFDocEncoding):
(hyperref)                removing `math shift' on input line 109.


Underfull \vbox (badness 10000) has occurred while \output is active []

 [3]

LaTeX Warning: Reference `DailyAverage' on page 4 undefined on input line 124.


LaTeX Warning: Reference `DailyAverage' on page 4 undefined on input line 131.


LaTeX Warning: Reference `DailyAverage' on page 4 undefined on input line 137.


Underfull \vbox (badness 10000) has occurred while \output is active []


Underfull \vbox (badness 10000) has occurred while \output is active []

 [4]

Package hyperref Warning: Token not allowed in a PDF string (PDFDocEncoding):
(hyperref)                removing `math shift' on input line 159.


Package hyperref Warning: Token not allowed in a PDF string (PDFDocEncoding):
(hyperref)                removing `\rho' on input line 159.


Package hyperref Warning: Token not allowed in a PDF string (PDFDocEncoding):
(hyperref)                removing `subscript' on input line 159.


Package hyperref Warning: Token not allowed in a PDF string (PDFDocEncoding):
(hyperref)                removing `math shift' on input line 159.


Underfull \vbox (badness 10000) has occurred while \output is active []


Underfull \hbox (badness 2573) in paragraph at lines 165--167
[]\OT1/cmr/m/n/10 Figure [](a) shows the The epoch curves for
 []


LaTeX Warning: Reference `perltable' on page 5 undefined on input line 173.


LaTeX Warning: Reference `blockmedian' on page 5 undefined on input line 180.


LaTeX Warning: Reference `allstorms' on page 5 undefined on input line 180.


Underfull \hbox (badness 1540) in paragraph at lines 180--181
[][]\OT1/cmr/m/n/10 Taka-hashi et al.[][] [[][]2010[][]], an am-bi-gu-ity in da
ta-
 []


Underfull \vbox (badness 10000) has occurred while \output is active []

 [5]

LaTeX Warning: Reference `nanperhour' on page 6 undefined on input line 182.

(./paper.bbl
Underfull \hbox (badness 1253) in paragraph at lines 16--22
\OT1/cmr/m/n/8 X. Huang, B. W. Reinisch, R. R. An-der-son, M. K.
 []


Underfull \hbox (badness 1253) in paragraph at lines 16--22
\OT1/cmr/m/n/8 Sleeper, and W. J. Hughes.  Dis-tri-bu-tion of den-sity
 []


Underfull \hbox (badness 3128) in paragraph at lines 40--46
\OT1/cmr/m/n/8 ing the great ge-o-mag-netic storm of Febru-ary 1986.
 []


Underfull \hbox (badness 6125) in paragraph at lines 40--46
\OT1/cmr/m/n/8 J. Geo-phys. Res., 93:14343--14355, De-cem-ber 1988.
 []


Underfull \hbox (badness 1622) in paragraph at lines 119--125
[]\OT1/cmr/m/n/8 Y. Yao, K. Seki, Y. Miyoshi, J. P. Mc-Fad-den, E. J.
 []

[6]) [7

]
Package epstopdf Info: Source file: <paperfigures/alldata-GOES6-1983-1991.eps>
(epstopdf)                    date: 2016-05-08 23:41:08
(epstopdf)                    size: 45575670 bytes
(epstopdf)             Output file: <paperfigures/alldata-GOES6-1983-1991-eps-c
onverted-to.pdf>
(epstopdf)                    date: 2016-05-11 12:56:57
(epstopdf)                    size: 181107 bytes
(epstopdf)             Command: <repstopdf --outfile=paperfigures/alldata-GOES6
-1983-1991-eps-converted-to.pdf paperfigures/alldata-GOES6-1983-1991.eps>
(epstopdf)             \includegraphics on input line 196.
Package epstopdf Info: Output file is already uptodate.

<paperfigures/alldata-GOES6-1983-1991-eps-converted-to.pdf, id=240, 531.9875pt 
x 692.5875pt>
File: paperfigures/alldata-GOES6-1983-1991-eps-converted-to.pdf Graphic file (t
ype pdf)
 <use paperfigures/alldata-GOES6-1983-1991-eps-converted-to.pdf>
Package pdftex.def Info: paperfigures/alldata-GOES6-1983-1991-eps-converted-to.
pdf used on input line 196.
(pdftex.def)             Requested size: 239.39217pt x 311.66148pt.

Overfull \hbox (9.51466pt too wide) in paragraph at lines 196--197
 [][] 
 []

Package epstopdf Info: Source file: <paperfigures/F107MD27d-GOES6.eps>
(epstopdf)                    date: 2016-05-08 23:41:08
(epstopdf)                    size: 15951 bytes
(epstopdf)             Output file: <paperfigures/F107MD27d-GOES6-eps-converted
-to.pdf>
(epstopdf)                    date: 2016-05-11 12:56:57
(epstopdf)                    size: 21868 bytes
(epstopdf)             Command: <repstopdf --outfile=paperfigures/F107MD27d-GOE
S6-eps-converted-to.pdf paperfigures/F107MD27d-GOES6.eps>
(epstopdf)             \includegraphics on input line 203.
Package epstopdf Info: Output file is already uptodate.

<paperfigures/F107MD27d-GOES6-eps-converted-to.pdf, id=249, 719.68875pt x 391.4
625pt>
File: paperfigures/F107MD27d-GOES6-eps-converted-to.pdf Graphic file (type pdf)

 <use paperfigures/F107MD27d-GOES6-eps-converted-to.pdf>
Package pdftex.def Info: paperfigures/F107MD27d-GOES6-eps-converted-to.pdf used
 on input line 203.
(pdftex.def)             Requested size: 287.87039pt x 156.58221pt.
Package epstopdf Info: Source file: <paperfigures/ccplot-GOES6.eps>
(epstopdf)                    date: 2016-05-08 23:41:08
(epstopdf)                    size: 434796 bytes
(epstopdf)             Output file: <paperfigures/ccplot-GOES6-eps-converted-to
.pdf>
(epstopdf)                    date: 2016-05-11 12:56:57
(epstopdf)                    size: 975475 bytes
(epstopdf)             Command: <repstopdf --outfile=paperfigures/ccplot-GOES6-
eps-converted-to.pdf paperfigures/ccplot-GOES6.eps>
(epstopdf)             \includegraphics on input line 204.
Package epstopdf Info: Output file is already uptodate.

<paperfigures/ccplot-GOES6-eps-converted-to.pdf, id=250, 508.90125pt x 403.5075
pt>
File: paperfigures/ccplot-GOES6-eps-converted-to.pdf Graphic file (type pdf)
 <use paperfigures/ccplot-GOES6-eps-converted-to.pdf>
Package pdftex.def Info: paperfigures/ccplot-GOES6-eps-converted-to.pdf used on
 input line 204.
(pdftex.def)             Requested size: 203.55688pt x 161.40013pt.

Overfull \hbox (57.99289pt too wide) in paragraph at lines 203--205
 [][] 
 []

[8

 <./paperfigures/alldata-GOES6-1983-1991-eps-converted-to.pdf> <./paperfigures/
F107MD27d-GOES6-eps-converted-to.pdf> <./paperfigures/ccplot-GOES6-eps-converte
d-to.pdf>]
Package epstopdf Info: Source file: <paperfigures/stormavs-dst-50-tak-GOES6.eps
>
(epstopdf)                    date: 2016-04-06 16:45:05
(epstopdf)                    size: 26513 bytes
(epstopdf)             Output file: <paperfigures/stormavs-dst-50-tak-GOES6-eps
-converted-to.pdf>
(epstopdf)                    date: 2016-05-11 12:56:57
(epstopdf)                    size: 13192 bytes
(epstopdf)             Command: <repstopdf --outfile=paperfigures/stormavs-dst-
50-tak-GOES6-eps-converted-to.pdf paperfigures/stormavs-dst-50-tak-GOES6.eps>
(epstopdf)             \includegraphics on input line 212.
Package epstopdf Info: Output file is already uptodate.

<paperfigures/stormavs-dst-50-tak-GOES6-eps-converted-to.pdf, id=327, 556.0775p
t x 700.6175pt>
File: paperfigures/stormavs-dst-50-tak-GOES6-eps-converted-to.pdf Graphic file 
(type pdf)

<use paperfigures/stormavs-dst-50-tak-GOES6-eps-converted-to.pdf>
Package pdftex.def Info: paperfigures/stormavs-dst-50-tak-GOES6-eps-converted-t
o.pdf used on input line 212.
(pdftex.def)             Requested size: 222.42705pt x 280.24203pt.
Package epstopdf Info: Source file: <paperfigures/stormavs-dst-day-GOES6.eps>
(epstopdf)                    date: 2016-04-18 16:52:02
(epstopdf)                    size: 26270 bytes
(epstopdf)             Output file: <paperfigures/stormavs-dst-day-GOES6-eps-co
nverted-to.pdf>
(epstopdf)                    date: 2016-05-11 12:56:57
(epstopdf)                    size: 13146 bytes
(epstopdf)             Command: <repstopdf --outfile=paperfigures/stormavs-dst-
day-GOES6-eps-converted-to.pdf paperfigures/stormavs-dst-day-GOES6.eps>
(epstopdf)             \includegraphics on input line 214.
Package epstopdf Info: Output file is already uptodate.

<paperfigures/stormavs-dst-day-GOES6-eps-converted-to.pdf, id=328, 556.0775pt x
 700.6175pt>
File: paperfigures/stormavs-dst-day-GOES6-eps-converted-to.pdf Graphic file (ty
pe pdf)
 <use paperfigures/stormavs-dst-day-GOES6-eps-converted-to.pdf>
Package pdftex.def Info: paperfigures/stormavs-dst-day-GOES6-eps-converted-to.p
df used on input line 214.
(pdftex.def)             Requested size: 222.42705pt x 280.24203pt.
Package epstopdf Info: Source file: <paperfigures/stormavs-dst.eps>
(epstopdf)                    date: 2016-03-10 18:11:25
(epstopdf)                    size: 51981 bytes
(epstopdf)             Output file: <paperfigures/stormavs-dst-eps-converted-to
.pdf>
(epstopdf)                    date: 2016-05-11 12:56:57
(epstopdf)                    size: 23719 bytes
(epstopdf)             Command: <repstopdf --outfile=paperfigures/stormavs-dst-
eps-converted-to.pdf paperfigures/stormavs-dst.eps>
(epstopdf)             \includegraphics on input line 221.
Package epstopdf Info: Output file is already uptodate.

<paperfigures/stormavs-dst-eps-converted-to.pdf, id=333, 558.085pt x 700.6175pt
>
File: paperfigures/stormavs-dst-eps-converted-to.pdf Graphic file (type pdf)
 <use paperfigures/stormavs-dst-eps-converted-to.pdf>
Package pdftex.def Info: paperfigures/stormavs-dst-eps-converted-to.pdf used on
 input line 221.
(pdftex.def)             Requested size: 223.23004pt x 280.24203pt.
Package epstopdf Info: Source file: <paperfigures/stormavs-dd12-GOES6.eps>
(epstopdf)                    date: 2016-03-10 18:11:25
(epstopdf)                    size: 52097 bytes
(epstopdf)             Output file: <paperfigures/stormavs-dd12-GOES6-eps-conve
rted-to.pdf>
(epstopdf)                    date: 2016-05-11 12:56:58
(epstopdf)                    size: 23347 bytes
(epstopdf)             Command: <repstopdf --outfile=paperfigures/stormavs-dd12
-GOES6-eps-converted-to.pdf paperfigures/stormavs-dd12-GOES6.eps>
(epstopdf)             \includegraphics on input line 223.
Package epstopdf Info: Output file is already uptodate.

<paperfigures/stormavs-dd12-GOES6-eps-converted-to.pdf, id=334, 561.09625pt x 7
00.6175pt>
File: paperfigures/stormavs-dd12-GOES6-eps-converted-to.pdf Graphic file (type 
pdf)
 <use paperfigures/stormavs-dd12-GOES6-eps-converted-to.pdf>
Package pdftex.def Info: paperfigures/stormavs-dd12-GOES6-eps-converted-to.pdf 
used on input line 223.
(pdftex.def)             Requested size: 224.43452pt x 280.24203pt.


LaTeX Warning: Float too large for page by 5.05406pt on input line 226.

[9 <./paperfigures/stormavs-dst-50-tak-GOES6-eps-converted-to.pdf> <./paperfigu
res/stormavs-dst-day-GOES6-eps-converted-to.pdf> <./paperfigures/stormavs-dst-e
ps-converted-to.pdf> <./paperfigures/stormavs-dd12-GOES6-eps-converted-to.pdf>]
Package epstopdf Info: Source file: <paperfigures/stormavs-mass-gt20-GOES6.eps>

(epstopdf)                    date: 2016-03-23 15:42:11
(epstopdf)                    size: 51630 bytes
(epstopdf)             Output file: <paperfigures/stormavs-mass-gt20-GOES6-eps-
converted-to.pdf>
(epstopdf)                    date: 2016-05-11 12:56:58
(epstopdf)                    size: 23096 bytes
(epstopdf)             Command: <repstopdf --outfile=paperfigures/stormavs-mass
-gt20-GOES6-eps-converted-to.pdf paperfigures/stormavs-mass-gt20-GOES6.eps>
(epstopdf)             \includegraphics on input line 232.
Package epstopdf Info: Output file is already uptodate.

<paperfigures/stormavs-mass-gt20-GOES6-eps-converted-to.pdf, id=379, 556.0775pt
 x 703.62875pt>
File: paperfigures/stormavs-mass-gt20-GOES6-eps-converted-to.pdf Graphic file (
type pdf)

<use paperfigures/stormavs-mass-gt20-GOES6-eps-converted-to.pdf>
Package pdftex.def Info: paperfigures/stormavs-mass-gt20-GOES6-eps-converted-to
.pdf used on input line 232.
(pdftex.def)             Requested size: 222.42705pt x 281.4465pt.
Package epstopdf Info: Source file: <paperfigures/RhoBinnedBz-case24-t020-tf25-
GOES6.eps>
(epstopdf)                    date: 2016-03-23 15:42:11
(epstopdf)                    size: 15000 bytes
(epstopdf)             Output file: <paperfigures/RhoBinnedBz-case24-t020-tf25-
GOES6-eps-converted-to.pdf>
(epstopdf)                    date: 2016-05-11 12:56:58
(epstopdf)                    size: 11354 bytes
(epstopdf)             Command: <repstopdf --outfile=paperfigures/RhoBinnedBz-c
ase24-t020-tf25-GOES6-eps-converted-to.pdf paperfigures/RhoBinnedBz-case24-t020
-tf25-GOES6.eps>
(epstopdf)             \includegraphics on input line 239.
Package epstopdf Info: Output file is already uptodate.

<paperfigures/RhoBinnedBz-case24-t020-tf25-GOES6-eps-converted-to.pdf, id=380, 
496.85625pt x 410.53375pt>
File: paperfigures/RhoBinnedBz-case24-t020-tf25-GOES6-eps-converted-to.pdf Grap
hic file (type pdf)

<use paperfigures/RhoBinnedBz-case24-t020-tf25-GOES6-eps-converted-to.pdf>
Package pdftex.def Info: paperfigures/RhoBinnedBz-case24-t020-tf25-GOES6-eps-co
nverted-to.pdf used on input line 239.
(pdftex.def)             Requested size: 198.73897pt x 164.21059pt.
Package epstopdf Info: Source file: <paperfigures/RhoBinnedBz-case24-t025-tf30-
GOES6.eps>
(epstopdf)                    date: 2016-03-23 15:42:11
(epstopdf)                    size: 15720 bytes
(epstopdf)             Output file: <paperfigures/RhoBinnedBz-case24-t025-tf30-
GOES6-eps-converted-to.pdf>
(epstopdf)                    date: 2016-05-11 12:56:58
(epstopdf)                    size: 12105 bytes
(epstopdf)             Command: <repstopdf --outfile=paperfigures/RhoBinnedBz-c
ase24-t025-tf30-GOES6-eps-converted-to.pdf paperfigures/RhoBinnedBz-case24-t025
-tf30-GOES6.eps>
(epstopdf)             \includegraphics on input line 240.
Package epstopdf Info: Output file is already uptodate.

<paperfigures/RhoBinnedBz-case24-t025-tf30-GOES6-eps-converted-to.pdf, id=381, 
496.85625pt x 410.53375pt>
File: paperfigures/RhoBinnedBz-case24-t025-tf30-GOES6-eps-converted-to.pdf Grap
hic file (type pdf)

<use paperfigures/RhoBinnedBz-case24-t025-tf30-GOES6-eps-converted-to.pdf>
Package pdftex.def Info: paperfigures/RhoBinnedBz-case24-t025-tf30-GOES6-eps-co
nverted-to.pdf used on input line 240.
(pdftex.def)             Requested size: 198.73897pt x 164.21059pt.

[10


 <./paperfigures/stormavs-mass-gt20-GOES6-eps-converted-to.pdf> <./paperfigures
/RhoBinnedBz-case24-t020-tf25-GOES6-eps-converted-to.pdf> <./paperfigures/RhoBi
nnedBz-case24-t025-tf30-GOES6-eps-converted-to.pdf>]
Package epstopdf Info: Source file: <paperfigures/HighLowF107rhoeq-Dst50-GOES6-
1983-1991.eps>
(epstopdf)                    date: 2016-05-08 23:41:08
(epstopdf)                    size: 15333 bytes
(epstopdf)             Output file: <paperfigures/HighLowF107rhoeq-Dst50-GOES6-
1983-1991-eps-converted-to.pdf>
(epstopdf)                    date: 2016-05-11 12:58:07
(epstopdf)                    size: 11935 bytes
(epstopdf)             Command: <repstopdf --outfile=paperfigures/HighLowF107rh
oeq-Dst50-GOES6-1983-1991-eps-converted-to.pdf paperfigures/HighLowF107rhoeq-Ds
t50-GOES6-1983-1991.eps>
(epstopdf)             \includegraphics on input line 249.
Package epstopdf Info: Output file is already uptodate.

<paperfigures/HighLowF107rhoeq-Dst50-GOES6-1983-1991-eps-converted-to.pdf, id=4
17, 494.84875pt x 409.53pt>
File: paperfigures/HighLowF107rhoeq-Dst50-GOES6-1983-1991-eps-converted-to.pdf 
Graphic file (type pdf)

<use paperfigures/HighLowF107rhoeq-Dst50-GOES6-1983-1991-eps-converted-to.pdf>
Package pdftex.def Info: paperfigures/HighLowF107rhoeq-Dst50-GOES6-1983-1991-ep
s-converted-to.pdf used on input line 249.
(pdftex.def)             Requested size: 197.93599pt x 163.80908pt.
Package epstopdf Info: Source file: <paperfigures/HighLowF107Bz-Dst50-GOES6-198
3-1991.eps>
(epstopdf)                    date: 2016-05-08 23:41:08
(epstopdf)                    size: 15276 bytes
(epstopdf)             Output file: <paperfigures/HighLowF107Bz-Dst50-GOES6-198
3-1991-eps-converted-to.pdf>
(epstopdf)                    date: 2016-05-11 12:59:56
(epstopdf)                    size: 10731 bytes
(epstopdf)             Command: <repstopdf --outfile=paperfigures/HighLowF107Bz
-Dst50-GOES6-1983-1991-eps-converted-to.pdf paperfigures/HighLowF107Bz-Dst50-GO
ES6-1983-1991.eps>
(epstopdf)             \includegraphics on input line 250.
Package epstopdf Info: Output file is already uptodate.

<paperfigures/HighLowF107Bz-Dst50-GOES6-1983-1991-eps-converted-to.pdf, id=418,
 491.8375pt x 409.53pt>
File: paperfigures/HighLowF107Bz-Dst50-GOES6-1983-1991-eps-converted-to.pdf Gra
phic file (type pdf)

<use paperfigures/HighLowF107Bz-Dst50-GOES6-1983-1991-eps-converted-to.pdf>
Package pdftex.def Info: paperfigures/HighLowF107Bz-Dst50-GOES6-1983-1991-eps-c
onverted-to.pdf used on input line 250.
(pdftex.def)             Requested size: 196.7315pt x 163.80908pt.
Package epstopdf Info: Source file: <paperfigures/HighLowF107rhoeq-Dst50-GOES6-
1983-1991-valid.eps>
(epstopdf)                    date: 2016-05-08 23:41:08
(epstopdf)                    size: 13396 bytes
(epstopdf)             Output file: <paperfigures/HighLowF107rhoeq-Dst50-GOES6-
1983-1991-valid-eps-converted-to.pdf>
(epstopdf)                    date: 2016-05-11 13:00:33
(epstopdf)                    size: 9426 bytes
(epstopdf)             Command: <repstopdf --outfile=paperfigures/HighLowF107rh
oeq-Dst50-GOES6-1983-1991-valid-eps-converted-to.pdf paperfigures/HighLowF107rh
oeq-Dst50-GOES6-1983-1991-valid.eps>
(epstopdf)             \includegraphics on input line 251.
Package epstopdf Info: Output file is already uptodate.

<paperfigures/HighLowF107rhoeq-Dst50-GOES6-1983-1991-valid-eps-converted-to.pdf
, id=419, 490.83376pt x 409.53pt>
File: paperfigures/HighLowF107rhoeq-Dst50-GOES6-1983-1991-valid-eps-converted-t
o.pdf Graphic file (type pdf)

<use paperfigures/HighLowF107rhoeq-Dst50-GOES6-1983-1991-valid-eps-converted-to
.pdf>
Package pdftex.def Info: paperfigures/HighLowF107rhoeq-Dst50-GOES6-1983-1991-va
lid-eps-converted-to.pdf used on input line 251.
(pdftex.def)             Requested size: 196.33002pt x 163.80908pt.
 [11


 <./paperfigures/HighLowF107rhoeq-Dst50-GOES6-1983-1991-eps-converted-to.pdf> <
./paperfigures/HighLowF107Bz-Dst50-GOES6-1983-1991-eps-converted-to.pdf> <./pap
erfigures/HighLowF107rhoeq-Dst50-GOES6-1983-1991-valid-eps-converted-to.pdf>]
Package epstopdf Info: Source file: <paperfigures/stormavs-d80.eps>
(epstopdf)                    date: 2016-03-01 17:55:06
(epstopdf)                    size: 51255 bytes
(epstopdf)             Output file: <paperfigures/stormavs-d80-eps-converted-to
.pdf>
(epstopdf)                    date: 2016-05-11 13:01:19
(epstopdf)                    size: 23275 bytes
(epstopdf)             Command: <repstopdf --outfile=paperfigures/stormavs-d80-
eps-converted-to.pdf paperfigures/stormavs-d80.eps>
(epstopdf)             \includegraphics on input line 264.
Package epstopdf Info: Output file is already uptodate.

<paperfigures/stormavs-d80-eps-converted-to.pdf, id=447, 556.0775pt x 700.6175p
t>
File: paperfigures/stormavs-d80-eps-converted-to.pdf Graphic file (type pdf)
 <use paperfigures/stormavs-d80-eps-converted-to.pdf>
Package pdftex.def Info: paperfigures/stormavs-d80-eps-converted-to.pdf used on
 input line 264.
(pdftex.def)             Requested size: 222.42705pt x 280.24203pt.
 [12


 <./paperfigures/stormavs-d80-eps-converted-to.pdf>]
Package epstopdf Info: Source file: <paperfigures/HighLowF107rhoeq-Dst50-GOES6-
1983-1991.eps>
(epstopdf)                    date: 2016-05-08 23:41:08
(epstopdf)                    size: 15333 bytes
(epstopdf)             Output file: <paperfigures/HighLowF107rhoeq-Dst50-GOES6-
1983-1991-eps-converted-to.pdf>
(epstopdf)                    date: 2016-05-11 12:58:07
(epstopdf)                    size: 11935 bytes
(epstopdf)             Command: <repstopdf --outfile=paperfigures/HighLowF107rh
oeq-Dst50-GOES6-1983-1991-eps-converted-to.pdf paperfigures/HighLowF107rhoeq-Ds
t50-GOES6-1983-1991.eps>
(epstopdf)             \includegraphics on input line 273.
Package epstopdf Info: Output file is already uptodate.
File: paperfigures/HighLowF107rhoeq-Dst50-GOES6-1983-1991-eps-converted-to.pdf 
Graphic file (type pdf)

<use paperfigures/HighLowF107rhoeq-Dst50-GOES6-1983-1991-eps-converted-to.pdf>
Package pdftex.def Info: paperfigures/HighLowF107rhoeq-Dst50-GOES6-1983-1991-ep
s-converted-to.pdf used on input line 273.
(pdftex.def)             Requested size: 222.67989pt x 184.28679pt.
Package epstopdf Info: Source file: <paperfigures/HighLowF107rhoeq-Dst50-GOES7-
1987-1991.eps>
(epstopdf)                    date: 2016-03-01 17:55:07
(epstopdf)                    size: 15312 bytes
(epstopdf)             Output file: <paperfigures/HighLowF107rhoeq-Dst50-GOES7-
1987-1991-eps-converted-to.pdf>
(epstopdf)                    date: 2016-05-11 12:58:07
(epstopdf)                    size: 11955 bytes
(epstopdf)             Command: <repstopdf --outfile=paperfigures/HighLowF107rh
oeq-Dst50-GOES7-1987-1991-eps-converted-to.pdf paperfigures/HighLowF107rhoeq-Ds
t50-GOES7-1987-1991.eps>
(epstopdf)             \includegraphics on input line 274.
Package epstopdf Info: Output file is already uptodate.

<paperfigures/HighLowF107rhoeq-Dst50-GOES7-1987-1991-eps-converted-to.pdf, id=4
65, 494.84875pt x 409.53pt>
File: paperfigures/HighLowF107rhoeq-Dst50-GOES7-1987-1991-eps-converted-to.pdf 
Graphic file (type pdf)

<use paperfigures/HighLowF107rhoeq-Dst50-GOES7-1987-1991-eps-converted-to.pdf>
Package pdftex.def Info: paperfigures/HighLowF107rhoeq-Dst50-GOES7-1987-1991-ep
s-converted-to.pdf used on input line 274.
(pdftex.def)             Requested size: 222.67989pt x 184.28679pt.

Underfull \hbox (badness 10000) in paragraph at lines 273--275
[][]
 []

Package epstopdf Info: Source file: <paperfigures/HighLowF107rhoeq-Dst50-GOES2-
1981-1983.eps>
(epstopdf)                    date: 2016-03-01 17:55:05
(epstopdf)                    size: 15524 bytes
(epstopdf)             Output file: <paperfigures/HighLowF107rhoeq-Dst50-GOES2-
1981-1983-eps-converted-to.pdf>
(epstopdf)                    date: 2016-05-11 12:58:08
(epstopdf)                    size: 11986 bytes
(epstopdf)             Command: <repstopdf --outfile=paperfigures/HighLowF107rh
oeq-Dst50-GOES2-1981-1983-eps-converted-to.pdf paperfigures/HighLowF107rhoeq-Ds
t50-GOES2-1981-1983.eps>
(epstopdf)             \includegraphics on input line 280.
Package epstopdf Info: Output file is already uptodate.

<paperfigures/HighLowF107rhoeq-Dst50-GOES2-1981-1983-eps-converted-to.pdf, id=4
66, 494.84875pt x 409.53pt>
File: paperfigures/HighLowF107rhoeq-Dst50-GOES2-1981-1983-eps-converted-to.pdf 
Graphic file (type pdf)

<use paperfigures/HighLowF107rhoeq-Dst50-GOES2-1981-1983-eps-converted-to.pdf>
Package pdftex.def Info: paperfigures/HighLowF107rhoeq-Dst50-GOES2-1981-1983-ep
s-converted-to.pdf used on input line 280.
(pdftex.def)             Requested size: 222.67989pt x 184.28679pt.
Package epstopdf Info: Source file: <paperfigures/HighLowF107rhoeq-Dst50-GOES5-
1983-1987.eps>
(epstopdf)                    date: 2016-03-01 17:55:02
(epstopdf)                    size: 14950 bytes
(epstopdf)             Output file: <paperfigures/HighLowF107rhoeq-Dst50-GOES5-
1983-1987-eps-converted-to.pdf>
(epstopdf)                    date: 2016-05-11 12:58:08
(epstopdf)                    size: 11777 bytes
(epstopdf)             Command: <repstopdf --outfile=paperfigures/HighLowF107rh
oeq-Dst50-GOES5-1983-1987-eps-converted-to.pdf paperfigures/HighLowF107rhoeq-Ds
t50-GOES5-1983-1987.eps>
(epstopdf)             \includegraphics on input line 281.
Package epstopdf Info: Output file is already uptodate.

<paperfigures/HighLowF107rhoeq-Dst50-GOES5-1983-1987-eps-converted-to.pdf, id=4
67, 494.84875pt x 409.53pt>
File: paperfigures/HighLowF107rhoeq-Dst50-GOES5-1983-1987-eps-converted-to.pdf 
Graphic file (type pdf)

<use paperfigures/HighLowF107rhoeq-Dst50-GOES5-1983-1987-eps-converted-to.pdf>
Package pdftex.def Info: paperfigures/HighLowF107rhoeq-Dst50-GOES5-1983-1987-ep
s-converted-to.pdf used on input line 281.
(pdftex.def)             Requested size: 222.67989pt x 184.28679pt.

Underfull \hbox (badness 10000) in paragraph at lines 280--282
[][]
 []

[13

 <./paperfigures/HighLowF107rhoeq-Dst50-GOES7-1987-1991-eps-converted-to.pdf> <
./paperfigures/HighLowF107rhoeq-Dst50-GOES2-1981-1983-eps-converted-to.pdf> <./
paperfigures/HighLowF107rhoeq-Dst50-GOES5-1983-1987-eps-converted-to.pdf>]
Package epstopdf Info: Source file: <paperfigures/HighLowF107rhoeq-Dst50-GOES6-
1989-1991.eps>
(epstopdf)                    date: 2016-03-01 17:55:02
(epstopdf)                    size: 15621 bytes
(epstopdf)             Output file: <paperfigures/HighLowF107rhoeq-Dst50-GOES6-
1989-1991-eps-converted-to.pdf>
(epstopdf)                    date: 2016-05-11 12:58:08
(epstopdf)                    size: 11875 bytes
(epstopdf)             Command: <repstopdf --outfile=paperfigures/HighLowF107rh
oeq-Dst50-GOES6-1989-1991-eps-converted-to.pdf paperfigures/HighLowF107rhoeq-Ds
t50-GOES6-1989-1991.eps>
(epstopdf)             \includegraphics on input line 290.
Package epstopdf Info: Output file is already uptodate.

<paperfigures/HighLowF107rhoeq-Dst50-GOES6-1989-1991-eps-converted-to.pdf, id=5
05, 494.84875pt x 409.53pt>
File: paperfigures/HighLowF107rhoeq-Dst50-GOES6-1989-1991-eps-converted-to.pdf 
Graphic file (type pdf)

<use paperfigures/HighLowF107rhoeq-Dst50-GOES6-1989-1991-eps-converted-to.pdf>
Package pdftex.def Info: paperfigures/HighLowF107rhoeq-Dst50-GOES6-1989-1991-ep
s-converted-to.pdf used on input line 290.
(pdftex.def)             Requested size: 222.67989pt x 184.28679pt.
Package epstopdf Info: Source file: <paperfigures/HighLowF107rhoeq-Dst80.eps>
(epstopdf)                    date: 2016-03-01 17:55:07
(epstopdf)                    size: 15483 bytes
(epstopdf)             Output file: <paperfigures/HighLowF107rhoeq-Dst80-eps-co
nverted-to.pdf>
(epstopdf)                    date: 2016-05-11 13:01:56
(epstopdf)                    size: 11504 bytes
(epstopdf)             Command: <repstopdf --outfile=paperfigures/HighLowF107rh
oeq-Dst80-eps-converted-to.pdf paperfigures/HighLowF107rhoeq-Dst80.eps>
(epstopdf)             \includegraphics on input line 291.
Package epstopdf Info: Output file is already uptodate.

<paperfigures/HighLowF107rhoeq-Dst80-eps-converted-to.pdf, id=506, 494.84875pt 
x 409.53pt>
File: paperfigures/HighLowF107rhoeq-Dst80-eps-converted-to.pdf Graphic file (ty
pe pdf)
 <use paperfigures/HighLowF107rhoeq-Dst80-eps-converted-to.pdf>
Package pdftex.def Info: paperfigures/HighLowF107rhoeq-Dst80-eps-converted-to.p
df used on input line 291.
(pdftex.def)             Requested size: 222.67989pt x 184.28679pt.

Underfull \hbox (badness 10000) in paragraph at lines 290--292
[][]
 []

Package epstopdf Info: Source file: <paperfigures/HighLowF107rhoeq-Dst50-GOES6-
1983-1987.eps>
(epstopdf)                    date: 2016-03-01 17:55:07
(epstopdf)                    size: 15419 bytes
(epstopdf)             Output file: <paperfigures/HighLowF107rhoeq-Dst50-GOES6-
1983-1987-eps-converted-to.pdf>
(epstopdf)                    date: 2016-05-11 12:58:08
(epstopdf)                    size: 11884 bytes
(epstopdf)             Command: <repstopdf --outfile=paperfigures/HighLowF107rh
oeq-Dst50-GOES6-1983-1987-eps-converted-to.pdf paperfigures/HighLowF107rhoeq-Ds
t50-GOES6-1983-1987.eps>
(epstopdf)             \includegraphics on input line 297.
Package epstopdf Info: Output file is already uptodate.

<paperfigures/HighLowF107rhoeq-Dst50-GOES6-1983-1987-eps-converted-to.pdf, id=5
07, 494.84875pt x 409.53pt>
File: paperfigures/HighLowF107rhoeq-Dst50-GOES6-1983-1987-eps-converted-to.pdf 
Graphic file (type pdf)

<use paperfigures/HighLowF107rhoeq-Dst50-GOES6-1983-1987-eps-converted-to.pdf>
Package pdftex.def Info: paperfigures/HighLowF107rhoeq-Dst50-GOES6-1983-1987-ep
s-converted-to.pdf used on input line 297.
(pdftex.def)             Requested size: 222.67989pt x 184.28679pt.
Package epstopdf Info: Source file: <paperfigures/HighLowF107rhoeq-Dst50-GOES6-
1987-1991.eps>
(epstopdf)                    date: 2016-03-01 17:55:05
(epstopdf)                    size: 15490 bytes
(epstopdf)             Output file: <paperfigures/HighLowF107rhoeq-Dst50-GOES6-
1987-1991-eps-converted-to.pdf>
(epstopdf)                    date: 2016-05-11 12:58:08
(epstopdf)                    size: 11842 bytes
(epstopdf)             Command: <repstopdf --outfile=paperfigures/HighLowF107rh
oeq-Dst50-GOES6-1987-1991-eps-converted-to.pdf paperfigures/HighLowF107rhoeq-Ds
t50-GOES6-1987-1991.eps>
(epstopdf)             \includegraphics on input line 298.
Package epstopdf Info: Output file is already uptodate.

<paperfigures/HighLowF107rhoeq-Dst50-GOES6-1987-1991-eps-converted-to.pdf, id=5
08, 494.84875pt x 409.53pt>
File: paperfigures/HighLowF107rhoeq-Dst50-GOES6-1987-1991-eps-converted-to.pdf 
Graphic file (type pdf)

<use paperfigures/HighLowF107rhoeq-Dst50-GOES6-1987-1991-eps-converted-to.pdf>
Package pdftex.def Info: paperfigures/HighLowF107rhoeq-Dst50-GOES6-1987-1991-ep
s-converted-to.pdf used on input line 298.
(pdftex.def)             Requested size: 222.67989pt x 184.28679pt.

Underfull \hbox (badness 10000) in paragraph at lines 297--299
[][]
 []

[14

 <./paperfigures/HighLowF107rhoeq-Dst50-GOES6-1989-1991-eps-converted-to.pdf> <
./paperfigures/HighLowF107rhoeq-Dst80-eps-converted-to.pdf> <./paperfigures/Hig
hLowF107rhoeq-Dst50-GOES6-1983-1987-eps-converted-to.pdf> <./paperfigures/HighL
owF107rhoeq-Dst50-GOES6-1987-1991-eps-converted-to.pdf>]
Package epstopdf Info: Source file: <paperfigures/HighLowF107rhoeq-Dst30.eps>
(epstopdf)                    date: 2016-03-01 17:55:06
(epstopdf)                    size: 15498 bytes
(epstopdf)             Output file: <paperfigures/HighLowF107rhoeq-Dst30-eps-co
nverted-to.pdf>
(epstopdf)                    date: 2016-05-11 13:02:06
(epstopdf)                    size: 11560 bytes
(epstopdf)             Command: <repstopdf --outfile=paperfigures/HighLowF107rh
oeq-Dst30-eps-converted-to.pdf paperfigures/HighLowF107rhoeq-Dst30.eps>
(epstopdf)             \includegraphics on input line 307.
Package epstopdf Info: Output file is already uptodate.

<paperfigures/HighLowF107rhoeq-Dst30-eps-converted-to.pdf, id=555, 494.84875pt 
x 409.53pt>
File: paperfigures/HighLowF107rhoeq-Dst30-eps-converted-to.pdf Graphic file (ty
pe pdf)
 <use paperfigures/HighLowF107rhoeq-Dst30-eps-converted-to.pdf>
Package pdftex.def Info: paperfigures/HighLowF107rhoeq-Dst30-eps-converted-to.p
df used on input line 307.
(pdftex.def)             Requested size: 222.67989pt x 184.28679pt.
Package epstopdf Info: Source file: <paperfigures/HighLowF107rhoeq-Dst30-valid.
eps>
(epstopdf)                    date: 2016-03-01 17:55:06
(epstopdf)                    size: 12847 bytes
(epstopdf)             Output file: <paperfigures/HighLowF107rhoeq-Dst30-valid-
eps-converted-to.pdf>
(epstopdf)                    date: 2016-05-11 13:02:05
(epstopdf)                    size: 8742 bytes
(epstopdf)             Command: <repstopdf --outfile=paperfigures/HighLowF107rh
oeq-Dst30-valid-eps-converted-to.pdf paperfigures/HighLowF107rhoeq-Dst30-valid.
eps>
(epstopdf)             \includegraphics on input line 308.
Package epstopdf Info: Output file is already uptodate.

<paperfigures/HighLowF107rhoeq-Dst30-valid-eps-converted-to.pdf, id=556, 495.85
25pt x 393.47pt>
File: paperfigures/HighLowF107rhoeq-Dst30-valid-eps-converted-to.pdf Graphic fi
le (type pdf)

<use paperfigures/HighLowF107rhoeq-Dst30-valid-eps-converted-to.pdf>
Package pdftex.def Info: paperfigures/HighLowF107rhoeq-Dst30-valid-eps-converte
d-to.pdf used on input line 308.
(pdftex.def)             Requested size: 223.13156pt x 177.05986pt.

Underfull \hbox (badness 10000) in paragraph at lines 307--309
[][]
 []

Package epstopdf Info: Source file: <paperfigures/HighLowF107rhoeq-rhoeq40.eps>

(epstopdf)                    date: 2016-03-01 17:55:06
(epstopdf)                    size: 15663 bytes
(epstopdf)             Output file: <paperfigures/HighLowF107rhoeq-rhoeq40-eps-
converted-to.pdf>
(epstopdf)                    date: 2016-05-11 13:02:19
(epstopdf)                    size: 11314 bytes
(epstopdf)             Command: <repstopdf --outfile=paperfigures/HighLowF107rh
oeq-rhoeq40-eps-converted-to.pdf paperfigures/HighLowF107rhoeq-rhoeq40.eps>
(epstopdf)             \includegraphics on input line 313.
Package epstopdf Info: Output file is already uptodate.

<paperfigures/HighLowF107rhoeq-rhoeq40-eps-converted-to.pdf, id=557, 500.87125p
t x 412.54124pt>
File: paperfigures/HighLowF107rhoeq-rhoeq40-eps-converted-to.pdf Graphic file (
type pdf)

<use paperfigures/HighLowF107rhoeq-rhoeq40-eps-converted-to.pdf>
Package pdftex.def Info: paperfigures/HighLowF107rhoeq-rhoeq40-eps-converted-to
.pdf used on input line 313.
(pdftex.def)             Requested size: 225.38997pt x 185.64185pt.
Package epstopdf Info: Source file: <paperfigures/HighLowF107rhoeq-rhoeq40-vali
d.eps>
(epstopdf)                    date: 2016-03-01 17:55:07
(epstopdf)                    size: 12711 bytes
(epstopdf)             Output file: <paperfigures/HighLowF107rhoeq-rhoeq40-vali
d-eps-converted-to.pdf>
(epstopdf)                    date: 2016-05-11 13:02:18
(epstopdf)                    size: 8469 bytes
(epstopdf)             Command: <repstopdf --outfile=paperfigures/HighLowF107rh
oeq-rhoeq40-valid-eps-converted-to.pdf paperfigures/HighLowF107rhoeq-rhoeq40-va
lid.eps>
(epstopdf)             \includegraphics on input line 314.
Package epstopdf Info: Output file is already uptodate.

<paperfigures/HighLowF107rhoeq-rhoeq40-valid-eps-converted-to.pdf, id=558, 490.
83376pt x 394.47375pt>
File: paperfigures/HighLowF107rhoeq-rhoeq40-valid-eps-converted-to.pdf Graphic 
file (type pdf)

<use paperfigures/HighLowF107rhoeq-rhoeq40-valid-eps-converted-to.pdf>
Package pdftex.def Info: paperfigures/HighLowF107rhoeq-rhoeq40-valid-eps-conver
ted-to.pdf used on input line 314.
(pdftex.def)             Requested size: 220.87314pt x 177.51154pt.

Underfull \hbox (badness 10000) in paragraph at lines 313--315
[][]
 []

[15

 <./paperfigures/HighLowF107rhoeq-Dst30-eps-converted-to.pdf> <./paperfigures/H
ighLowF107rhoeq-Dst30-valid-eps-converted-to.pdf> <./paperfigures/HighLowF107rh
oeq-rhoeq40-eps-converted-to.pdf> <./paperfigures/HighLowF107rhoeq-rhoeq40-vali
d-eps-converted-to.pdf>]
Package epstopdf Info: Source file: <paperfigures/HighLowF107rhoeq-AE300.eps>
(epstopdf)                    date: 2016-03-01 17:55:07
(epstopdf)                    size: 15475 bytes
(epstopdf)             Output file: <paperfigures/HighLowF107rhoeq-AE300-eps-co
nverted-to.pdf>
(epstopdf)                    date: 2016-05-11 13:02:37
(epstopdf)                    size: 11509 bytes
(epstopdf)             Command: <repstopdf --outfile=paperfigures/HighLowF107rh
oeq-AE300-eps-converted-to.pdf paperfigures/HighLowF107rhoeq-AE300.eps>
(epstopdf)             \includegraphics on input line 320.
Package epstopdf Info: Output file is already uptodate.

<paperfigures/HighLowF107rhoeq-AE300-eps-converted-to.pdf, id=598, 494.84875pt 
x 404.51125pt>
File: paperfigures/HighLowF107rhoeq-AE300-eps-converted-to.pdf Graphic file (ty
pe pdf)
 <use paperfigures/HighLowF107rhoeq-AE300-eps-converted-to.pdf>
Package pdftex.def Info: paperfigures/HighLowF107rhoeq-AE300-eps-converted-to.p
df used on input line 320.
(pdftex.def)             Requested size: 197.93599pt x 161.80162pt.
Package epstopdf Info: Source file: <paperfigures/HighLowF107rhoeq-AE300-valid.
eps>
(epstopdf)                    date: 2016-03-01 17:55:06
(epstopdf)                    size: 12778 bytes
(epstopdf)             Output file: <paperfigures/HighLowF107rhoeq-AE300-valid-
eps-converted-to.pdf>
(epstopdf)                    date: 2016-05-11 13:02:36
(epstopdf)                    size: 8915 bytes
(epstopdf)             Command: <repstopdf --outfile=paperfigures/HighLowF107rh
oeq-AE300-valid-eps-converted-to.pdf paperfigures/HighLowF107rhoeq-AE300-valid.
eps>
(epstopdf)             \includegraphics on input line 321.
Package epstopdf Info: Output file is already uptodate.

<paperfigures/HighLowF107rhoeq-AE300-valid-eps-converted-to.pdf, id=599, 495.85
25pt x 404.51125pt>
File: paperfigures/HighLowF107rhoeq-AE300-valid-eps-converted-to.pdf Graphic fi
le (type pdf)

<use paperfigures/HighLowF107rhoeq-AE300-valid-eps-converted-to.pdf>
Package pdftex.def Info: paperfigures/HighLowF107rhoeq-AE300-valid-eps-converte
d-to.pdf used on input line 321.
(pdftex.def)             Requested size: 198.33748pt x 161.80162pt.
Package epstopdf Info: Source file: <paperfigures/stormavs-AE.eps>
(epstopdf)                    date: 2016-03-01 17:55:06
(epstopdf)                    size: 50839 bytes
(epstopdf)             Output file: <paperfigures/stormavs-AE-eps-converted-to.
pdf>
(epstopdf)                    date: 2016-05-11 13:02:49
(epstopdf)                    size: 22285 bytes
(epstopdf)             Command: <repstopdf --outfile=paperfigures/stormavs-AE-e
ps-converted-to.pdf paperfigures/stormavs-AE.eps>
(epstopdf)             \includegraphics on input line 322.
Package epstopdf Info: Output file is already uptodate.

<paperfigures/stormavs-AE-eps-converted-to.pdf, id=600, 561.09625pt x 683.55376
pt>
File: paperfigures/stormavs-AE-eps-converted-to.pdf Graphic file (type pdf)
 <use paperfigures/stormavs-AE-eps-converted-to.pdf>
Package pdftex.def Info: paperfigures/stormavs-AE-eps-converted-to.pdf used on 
input line 322.
(pdftex.def)             Requested size: 196.38663pt x 239.24739pt.

Underfull \hbox (badness 10000) in paragraph at lines 320--323
[][]
 []


Underfull \hbox (badness 10000) in paragraph at lines 320--323
[]
 []

Package epstopdf Info: Source file: <paperfigures/HighLowDstrhoeq-AE400.eps>
(epstopdf)                    date: 2016-03-01 17:55:07
(epstopdf)                    size: 15445 bytes
(epstopdf)             Output file: <paperfigures/HighLowDstrhoeq-AE400-eps-con
verted-to.pdf>
(epstopdf)                    date: 2016-05-11 13:03:07
(epstopdf)                    size: 11373 bytes
(epstopdf)             Command: <repstopdf --outfile=paperfigures/HighLowDstrho
eq-AE400-eps-converted-to.pdf paperfigures/HighLowDstrhoeq-AE400.eps>
(epstopdf)             \includegraphics on input line 327.
Package epstopdf Info: Output file is already uptodate.

<paperfigures/HighLowDstrhoeq-AE400-eps-converted-to.pdf, id=601, 494.84875pt x
 404.51125pt>
File: paperfigures/HighLowDstrhoeq-AE400-eps-converted-to.pdf Graphic file (typ
e pdf)
 <use paperfigures/HighLowDstrhoeq-AE400-eps-converted-to.pdf>
Package pdftex.def Info: paperfigures/HighLowDstrhoeq-AE400-eps-converted-to.pd
f used on input line 327.
(pdftex.def)             Requested size: 222.67989pt x 182.02837pt.
Package epstopdf Info: Source file: <paperfigures/HighLowDstrhoeq-Dst50.eps>
(epstopdf)                    date: 2016-03-01 17:55:07
(epstopdf)                    size: 15285 bytes
(epstopdf)             Output file: <paperfigures/HighLowDstrhoeq-Dst50-eps-con
verted-to.pdf>
(epstopdf)                    date: 2016-05-11 13:03:21
(epstopdf)                    size: 11215 bytes
(epstopdf)             Command: <repstopdf --outfile=paperfigures/HighLowDstrho
eq-Dst50-eps-converted-to.pdf paperfigures/HighLowDstrhoeq-Dst50.eps>
(epstopdf)             \includegraphics on input line 328.
Package epstopdf Info: Output file is already uptodate.

<paperfigures/HighLowDstrhoeq-Dst50-eps-converted-to.pdf, id=602, 494.84875pt x
 409.53pt>
File: paperfigures/HighLowDstrhoeq-Dst50-eps-converted-to.pdf Graphic file (typ
e pdf)
 <use paperfigures/HighLowDstrhoeq-Dst50-eps-converted-to.pdf>
Package pdftex.def Info: paperfigures/HighLowDstrhoeq-Dst50-eps-converted-to.pd
f used on input line 328.
(pdftex.def)             Requested size: 222.67989pt x 184.28679pt.

Underfull \hbox (badness 10000) in paragraph at lines 327--329
[][]
 []

[16

 <./paperfigures/HighLowF107rhoeq-AE300-eps-converted-to.pdf> <./paperfigures/H
ighLowF107rhoeq-AE300-valid-eps-converted-to.pdf> <./paperfigures/stormavs-AE-e
ps-converted-to.pdf> <./paperfigures/HighLowDstrhoeq-AE400-eps-converted-to.pdf
> <./paperfigures/HighLowDstrhoeq-Dst50-eps-converted-to.pdf>]
Package epstopdf Info: Source file: <paperfigures/HighLowF107rhoeq-random.eps>
(epstopdf)                    date: 2016-03-01 17:55:06
(epstopdf)                    size: 15425 bytes
(epstopdf)             Output file: <paperfigures/HighLowF107rhoeq-random-eps-c
onverted-to.pdf>
(epstopdf)                    date: 2016-05-11 13:03:59
(epstopdf)                    size: 11420 bytes
(epstopdf)             Command: <repstopdf --outfile=paperfigures/HighLowF107rh
oeq-random-eps-converted-to.pdf paperfigures/HighLowF107rhoeq-random.eps>
(epstopdf)             \includegraphics on input line 334.
Package epstopdf Info: Output file is already uptodate.

<paperfigures/HighLowF107rhoeq-random-eps-converted-to.pdf, id=655, 494.84875pt
 x 404.51125pt>
File: paperfigures/HighLowF107rhoeq-random-eps-converted-to.pdf Graphic file (t
ype pdf)

<use paperfigures/HighLowF107rhoeq-random-eps-converted-to.pdf>
Package pdftex.def Info: paperfigures/HighLowF107rhoeq-random-eps-converted-to.
pdf used on input line 334.
(pdftex.def)             Requested size: 222.67989pt x 182.02837pt.
Package epstopdf Info: Source file: <paperfigures/stormavs-random.eps>
(epstopdf)                    date: 2016-03-01 17:55:06
(epstopdf)                    size: 50969 bytes
(epstopdf)             Output file: <paperfigures/stormavs-random-eps-converted
-to.pdf>
(epstopdf)                    date: 2016-05-11 13:04:09
(epstopdf)                    size: 22295 bytes
(epstopdf)             Command: <repstopdf --outfile=paperfigures/stormavs-rand
om-eps-converted-to.pdf paperfigures/stormavs-random.eps>
(epstopdf)             \includegraphics on input line 335.
Package epstopdf Info: Output file is already uptodate.

<paperfigures/stormavs-random-eps-converted-to.pdf, id=656, 556.0775pt x 683.55
376pt>
File: paperfigures/stormavs-random-eps-converted-to.pdf Graphic file (type pdf)

 <use paperfigures/stormavs-random-eps-converted-to.pdf>
Package pdftex.def Info: paperfigures/stormavs-random-eps-converted-to.pdf used
 on input line 335.
(pdftex.def)             Requested size: 250.23256pt x 307.59634pt.

Underfull \hbox (badness 10000) in paragraph at lines 334--336
[][]
 []


Overfull \hbox (20.35506pt too wide) in paragraph at lines 334--336
[] 
 []

Package epstopdf Info: Source file: <paperfigures/HighLowDstBz-Dst50.eps>
(epstopdf)                    date: 2016-03-01 17:55:06
(epstopdf)                    size: 15394 bytes
(epstopdf)             Output file: <paperfigures/HighLowDstBz-Dst50-eps-conver
ted-to.pdf>
(epstopdf)                    date: 2016-05-11 13:04:26
(epstopdf)                    size: 10166 bytes
(epstopdf)             Command: <repstopdf --outfile=paperfigures/HighLowDstBz-
Dst50-eps-converted-to.pdf paperfigures/HighLowDstBz-Dst50.eps>
(epstopdf)             \includegraphics on input line 340.
Package epstopdf Info: Output file is already uptodate.

<paperfigures/HighLowDstBz-Dst50-eps-converted-to.pdf, id=657, 491.8375pt x 409
.53pt>
File: paperfigures/HighLowDstBz-Dst50-eps-converted-to.pdf Graphic file (type p
df)
 <use paperfigures/HighLowDstBz-Dst50-eps-converted-to.pdf>
Package pdftex.def Info: paperfigures/HighLowDstBz-Dst50-eps-converted-to.pdf u
sed on input line 340.
(pdftex.def)             Requested size: 221.32481pt x 184.28679pt.
Package epstopdf Info: Source file: <paperfigures/HighLowDstBz-AE400.eps>
(epstopdf)                    date: 2016-03-01 17:55:06
(epstopdf)                    size: 15296 bytes
(epstopdf)             Output file: <paperfigures/HighLowDstBz-AE400-eps-conver
ted-to.pdf>
(epstopdf)                    date: 2016-05-11 13:04:26
(epstopdf)                    size: 10318 bytes
(epstopdf)             Command: <repstopdf --outfile=paperfigures/HighLowDstBz-
AE400-eps-converted-to.pdf paperfigures/HighLowDstBz-AE400.eps>
(epstopdf)             \includegraphics on input line 341.
Package epstopdf Info: Output file is already uptodate.

<paperfigures/HighLowDstBz-AE400-eps-converted-to.pdf, id=658, 500.87125pt x 40
4.51125pt>
File: paperfigures/HighLowDstBz-AE400-eps-converted-to.pdf Graphic file (type p
df)
 <use paperfigures/HighLowDstBz-AE400-eps-converted-to.pdf>
Package pdftex.def Info: paperfigures/HighLowDstBz-AE400-eps-converted-to.pdf u
sed on input line 341.
(pdftex.def)             Requested size: 225.38997pt x 182.02837pt.

Underfull \hbox (badness 10000) in paragraph at lines 340--342
[][]
 []

[17

 <./paperfigures/HighLowF107rhoeq-random-eps-converted-to.pdf> <./paperfigures/
stormavs-random-eps-converted-to.pdf> <./paperfigures/HighLowDstBz-Dst50-eps-co
nverted-to.pdf> <./paperfigures/HighLowDstBz-AE400-eps-converted-to.pdf>]
Package epstopdf Info: Source file: <paperfigures/rhoMLT.eps>
(epstopdf)                    date: 2016-05-08 23:41:08
(epstopdf)                    size: 11579 bytes
(epstopdf)             Output file: <paperfigures/rhoMLT-eps-converted-to.pdf>
(epstopdf)                    date: 2016-05-11 12:58:08
(epstopdf)                    size: 8273 bytes
(epstopdf)             Command: <repstopdf --outfile=paperfigures/rhoMLT-eps-co
nverted-to.pdf paperfigures/rhoMLT.eps>
(epstopdf)             \includegraphics on input line 347.
Package epstopdf Info: Output file is already uptodate.

<paperfigures/rhoMLT-eps-converted-to.pdf, id=697, 491.8375pt x 391.4625pt>
File: paperfigures/rhoMLT-eps-converted-to.pdf Graphic file (type pdf)

<use paperfigures/rhoMLT-eps-converted-to.pdf>
Package pdftex.def Info: paperfigures/rhoMLT-eps-converted-to.pdf used on input
 line 347.
(pdftex.def)             Requested size: 221.32481pt x 176.1565pt.
Package epstopdf Info: Source file: <paperfigures/rhoLT.eps>
(epstopdf)                    date: 2016-05-08 23:41:08
(epstopdf)                    size: 10865 bytes
(epstopdf)             Output file: <paperfigures/rhoLT-eps-converted-to.pdf>
(epstopdf)                    date: 2016-05-11 12:58:08
(epstopdf)                    size: 8126 bytes
(epstopdf)             Command: <repstopdf --outfile=paperfigures/rhoLT-eps-con
verted-to.pdf paperfigures/rhoLT.eps>
(epstopdf)             \includegraphics on input line 348.
Package epstopdf Info: Output file is already uptodate.

<paperfigures/rhoLT-eps-converted-to.pdf, id=698, 491.8375pt x 391.4625pt>
File: paperfigures/rhoLT-eps-converted-to.pdf Graphic file (type pdf)

<use paperfigures/rhoLT-eps-converted-to.pdf>
Package pdftex.def Info: paperfigures/rhoLT-eps-converted-to.pdf used on input 
line 348.
(pdftex.def)             Requested size: 221.32481pt x 176.1565pt.

Underfull \hbox (badness 10000) in paragraph at lines 347--349
[][]
 []

Package epstopdf Info: Source file: <paperfigures/DstLT.eps>
(epstopdf)                    date: 2016-05-08 23:41:08
(epstopdf)                    size: 10870 bytes
(epstopdf)             Output file: <paperfigures/DstLT-eps-converted-to.pdf>
(epstopdf)                    date: 2016-05-11 12:58:08
(epstopdf)                    size: 7271 bytes
(epstopdf)             Command: <repstopdf --outfile=paperfigures/DstLT-eps-con
verted-to.pdf paperfigures/DstLT.eps>
(epstopdf)             \includegraphics on input line 353.
Package epstopdf Info: Output file is already uptodate.
<paperfigures/DstLT-eps-converted-to.pdf, id=699, 502.87875pt x 393.47pt>
File: paperfigures/DstLT-eps-converted-to.pdf Graphic file (type pdf)

<use paperfigures/DstLT-eps-converted-to.pdf>
Package pdftex.def Info: paperfigures/DstLT-eps-converted-to.pdf used on input 
line 353.
(pdftex.def)             Requested size: 226.29333pt x 177.05986pt.
Package epstopdf Info: Source file: <paperfigures/AELT.eps>
(epstopdf)                    date: 2016-05-08 23:41:08
(epstopdf)                    size: 9792 bytes
(epstopdf)             Output file: <paperfigures/AELT-eps-converted-to.pdf>
(epstopdf)                    date: 2016-05-11 12:58:08
(epstopdf)                    size: 6899 bytes
(epstopdf)             Command: <repstopdf --outfile=paperfigures/AELT-eps-conv
erted-to.pdf paperfigures/AELT.eps>
(epstopdf)             \includegraphics on input line 354.
Package epstopdf Info: Output file is already uptodate.

<paperfigures/AELT-eps-converted-to.pdf, id=700, 489.83pt x 391.4625pt>
File: paperfigures/AELT-eps-converted-to.pdf Graphic file (type pdf)

<use paperfigures/AELT-eps-converted-to.pdf>
Package pdftex.def Info: paperfigures/AELT-eps-converted-to.pdf used on input l
ine 354.
(pdftex.def)             Requested size: 220.42146pt x 176.1565pt.

Underfull \hbox (badness 10000) in paragraph at lines 353--355
[][]
 []

[18

 <./paperfigures/rhoMLT-eps-converted-to.pdf> <./paperfigures/rhoLT-eps-convert
ed-to.pdf> <./paperfigures/DstLT-eps-converted-to.pdf> <./paperfigures/AELT-eps
-converted-to.pdf>] (./tables/CCperltable.tex
Overfull \hbox (82.36156pt too wide) in paragraph at lines 3--18
[][] 
 []

)

Package natbib Warning: There were undefined citations.

Package atveryend Info: Empty hook `BeforeClearDocument' on input line 364.
[19


]
Package atveryend Info: Empty hook `AfterLastShipout' on input line 364.
 (./paper.aux)
Package atveryend Info: Executing hook `AtVeryEndDocument' on input line 364.
Package atveryend Info: Executing hook `AtEndAfterFileList' on input line 364.
Package rerunfilecheck Info: File `paper.out' has not changed.
(rerunfilecheck)             Checksum: 6F83F903B61ACC2664D6DC53427543EE;517.


LaTeX Warning: There were undefined references.


LaTeX Warning: There were multiply-defined labels.

Package atveryend Info: Empty hook `AtVeryVeryEnd' on input line 364.
 ) 
Here is how much of TeX's memory you used:
 8967 strings out of 493054
 138330 string characters out of 6140586
 236658 words of memory out of 5000000
 12269 multiletter control sequences out of 15000+600000
 14211 words of font info for 56 fonts, out of 8000000 for 9000
 1141 hyphenation exceptions out of 8191
 42i,13n,43p,1316b,456s stack positions out of 5000i,500n,10000p,200000b,80000s
</usr/share/texmf-dist/fonts/type1/public/amsfonts/cm/cmbx10.pfb></usr/share/
texmf-dist/fonts/type1/public/amsfonts/cm/cmbx9.pfb></usr/share/texmf-dist/font
s/type1/public/amsfonts/cm/cmmi10.pfb></usr/share/texmf-dist/fonts/type1/public
/amsfonts/cm/cmmi12.pfb></usr/share/texmf-dist/fonts/type1/public/amsfonts/cm/c
mmi6.pfb></usr/share/texmf-dist/fonts/type1/public/amsfonts/cm/cmmi7.pfb></usr/
share/texmf-dist/fonts/type1/public/amsfonts/cm/cmmi9.pfb></usr/share/texmf-dis
t/fonts/type1/public/amsfonts/cm/cmr10.pfb></usr/share/texmf-dist/fonts/type1/p
ublic/amsfonts/cm/cmr12.pfb></usr/share/texmf-dist/fonts/type1/public/amsfonts/
cm/cmr17.pfb></usr/share/texmf-dist/fonts/type1/public/amsfonts/cm/cmr5.pfb></u
sr/share/texmf-dist/fonts/type1/public/amsfonts/cm/cmr6.pfb></usr/share/texmf-d
ist/fonts/type1/public/amsfonts/cm/cmr7.pfb></usr/share/texmf-dist/fonts/type1/
public/amsfonts/cm/cmr8.pfb></usr/share/texmf-dist/fonts/type1/public/amsfonts/
cm/cmr9.pfb></usr/share/texmf-dist/fonts/type1/public/amsfonts/cm/cmsy10.pfb></
usr/share/texmf-dist/fonts/type1/public/amsfonts/cm/cmsy6.pfb></usr/share/texmf
-dist/fonts/type1/public/amsfonts/cm/cmsy8.pfb></usr/share/texmf-dist/fonts/typ
e1/public/amsfonts/cm/cmsy9.pfb></usr/share/texmf-dist/fonts/type1/public/amsfo
nts/cm/cmti8.pfb></usr/share/texmf-dist/fonts/type1/public/amsfonts/cm/cmtt8.pf
b>
Output written on paper.pdf (19 pages, 1779325 bytes).
PDF statistics:
 828 PDF objects out of 1000 (max. 8388607)
 623 compressed objects within 7 object streams
 66 named destinations out of 1000 (max. 500000)
 271 words of extra memory for PDF output out of 10000 (max. 10000000)

