This is TeX, Version 3.14159 (Web2C 7.2) (format=latex 1998.10.11)  13 OCT 2000 14:43
**sample.bib
(sample.bib
LaTeX2e <1998/06/01>
Babel <v3.6j> and hyphenation patterns for american, french, german, italian, n
ohyphenation, loaded.

! LaTeX Error: Missing \begin{document}.

See the LaTeX manual or LaTeX Companion for explanation.
Type  H <return>  for immediate help.
 ...                                              
                                                  
l.11 @
      ARTICLE{smit54,
? 
! Emergency stop.
 ...                                              
                                                  
l.11 @
      ARTICLE{smit54,
You're in trouble here.  Try typing  <return>  to proceed.
If that doesn't work, type  X <return>  to quit.

 
Here is how much of TeX's memory you used:
 5 strings out of 10906
 163 string characters out of 71921
 43107 words of memory out of 263001
 3010 multiletter control sequences out of 10000+0
 3640 words of font info for 14 fonts, out of 200000 for 1000
 15 hyphenation exceptions out of 1000
 5i,0n,4p,57b,14s stack positions out of 300i,100n,500p,30000b,4000s
No pages of output.
